
> roardata-web@0.1.0 build
> next build

▲ Next.js 16.1.6 (Turbopack)
- Environments: .env

  Creating an optimized production build ...
✓ Compiled successfully in 4.1s
  Running TypeScript ...
  Collecting page data using 7 workers ...
  Generating static pages using 7 workers (0/11) ...
  Generating static pages using 7 workers (2/11) 
  Generating static pages using 7 workers (5/11) 
  Generating static pages using 7 workers (8/11) 
✓ Generating static pages using 7 workers (11/11) in 482.4ms
  Finalizing page optimization ...

Route (app)
┌ ○ /
├ ○ /_not-found
├ ƒ /[slug]
├ ○ /case-studies
├ ƒ /case-studies/[slug]
├ ○ /industries
├ ƒ /industries/[slug]
├ ○ /insights
├ ƒ /insights/[slug]
├ ○ /privacy-policy
├ ○ /robots.txt
├ ○ /sitemap.xml
└ ○ /terms


○  (Static)   prerendered as static content
ƒ  (Dynamic)  server-rendered on demand

